<?xml version="1.0" encoding="UTF-8"?>
<!-- Generated by org.testng.reporters.JUnitXMLReporter -->
<testsuite ignored="0" hostname="DESKTOP-HS68FTR" failures="0" tests="4" name="Default test" time="6.566" errors="0" timestamp="2021-11-06T18:44:03 IST">
  <testcase classname="files.DynamicJson" name="addBook" time="5.761"/>
  <testcase classname="files.DynamicJson" name="addBook" time="0.212"/>
  <testcase classname="files.DynamicJson" name="addBook" time="0.199"/>
  <testcase classname="files.DynamicJson" name="addBook" time="0.284"/>
</testsuite> <!-- Default test -->
