<?xml version="1.0" encoding="UTF-8"?>
<testng-results ignored="0" total="4" passed="4" failed="0" skipped="0">
  <reporter-output>
  </reporter-output>
  <suite started-at="2021-11-06T18:43:56 IST" name="Default suite" finished-at="2021-11-06T18:44:03 IST" duration-ms="6566">
    <groups>
    </groups>
    <test started-at="2021-11-06T18:43:56 IST" name="Default test" finished-at="2021-11-06T18:44:03 IST" duration-ms="6566">
      <class name="files.DynamicJson">
        <test-method signature="addBook(java.lang.String,java.lang.String)[pri:0, instance:files.DynamicJson@6631f5ca]" started-at="2021-11-06T18:43:56 IST" name="addBook" data-provider="getData" finished-at="2021-11-06T18:44:02 IST" duration-ms="5761" status="PASS">
          <params>
            <param index="0">
              <value>
                <![CDATA[VB]]>
              </value>
            </param>
            <param index="1">
              <value>
                <![CDATA[125]]>
              </value>
            </param>
          </params>
          <reporter-output>
          </reporter-output>
        </test-method> <!-- addBook -->
        <test-method signature="addBook(java.lang.String,java.lang.String)[pri:0, instance:files.DynamicJson@6631f5ca]" started-at="2021-11-06T18:44:02 IST" name="addBook" data-provider="getData" finished-at="2021-11-06T18:44:02 IST" duration-ms="212" status="PASS">
          <params>
            <param index="0">
              <value>
                <![CDATA[java]]>
              </value>
            </param>
            <param index="1">
              <value>
                <![CDATA[459]]>
              </value>
            </param>
          </params>
          <reporter-output>
          </reporter-output>
        </test-method> <!-- addBook -->
        <test-method signature="addBook(java.lang.String,java.lang.String)[pri:0, instance:files.DynamicJson@6631f5ca]" started-at="2021-11-06T18:44:02 IST" name="addBook" data-provider="getData" finished-at="2021-11-06T18:44:02 IST" duration-ms="199" status="PASS">
          <params>
            <param index="0">
              <value>
                <![CDATA[c#]]>
              </value>
            </param>
            <param index="1">
              <value>
                <![CDATA[781]]>
              </value>
            </param>
          </params>
          <reporter-output>
          </reporter-output>
        </test-method> <!-- addBook -->
        <test-method signature="addBook(java.lang.String,java.lang.String)[pri:0, instance:files.DynamicJson@6631f5ca]" started-at="2021-11-06T18:44:02 IST" name="addBook" data-provider="getData" finished-at="2021-11-06T18:44:03 IST" duration-ms="284" status="PASS">
          <params>
            <param index="0">
              <value>
                <![CDATA[python]]>
              </value>
            </param>
            <param index="1">
              <value>
                <![CDATA[724]]>
              </value>
            </param>
          </params>
          <reporter-output>
          </reporter-output>
        </test-method> <!-- addBook -->
      </class> <!-- files.DynamicJson -->
    </test> <!-- Default test -->
  </suite> <!-- Default suite -->
</testng-results>
